<?xml version="1.0" encoding="UTF-8"?>
<testng-results ignored="0" total="1" passed="1" failed="0" skipped="0">
  <reporter-output>
  </reporter-output>
  <suite started-at="2024-05-11T03:55:40 GMT-08:00" name="Default suite" finished-at="2024-05-11T03:55:52 GMT-08:00" duration-ms="11298">
    <groups>
    </groups>
    <test started-at="2024-05-11T03:55:40 GMT-08:00" name="Default test" finished-at="2024-05-11T03:55:52 GMT-08:00" duration-ms="11298">
      <class name="Subtrix.set">
        <test-method signature="OpenBrowser()[pri:0, instance:Subtrix.set@4d154ccd]" started-at="2024-05-11T03:55:41 GMT-08:00" name="OpenBrowser" finished-at="2024-05-11T03:55:52 GMT-08:00" duration-ms="11208" status="PASS">
          <reporter-output>
          </reporter-output>
        </test-method> <!-- OpenBrowser -->
      </class> <!-- Subtrix.set -->
    </test> <!-- Default test -->
  </suite> <!-- Default suite -->
</testng-results>
